<?xml version="1.0" encoding="UTF-8"?>
<testsuites>
  <testsuite name="CodeIgniter Application Test Suite" tests="4" assertions="4" failures="1" errors="0" time="0.503025">
    <testsuite name="Clients_test" file="/var/www/html/LippoX-server/application/tests/controllers/Clients_test.php" tests="1" assertions="1" failures="1" errors="0" time="0.266986">
      <testcase name="test_index" class="Clients_test" file="/var/www/html/LippoX-server/application/tests/controllers/Clients_test.php" line="4" assertions="1" time="0.266986">
        <failure type="PHPUnit_Framework_ExpectationFailedException">Clients_test::test_index
Failed asserting that '{"http_code":400,"status_message":"fail","data":"ID All fields are required."}' contains "{"status":"Update successful."}".

/var/www/html/LippoX-server/application/tests/controllers/Clients_test.php:31
</failure>
      </testcase>
    </testsuite>
    <testsuite name="Welcome_test" file="/var/www/html/LippoX-server/application/tests/controllers/Welcome_test.php" tests="3" assertions="3" failures="0" errors="0" time="0.236039">
      <testcase name="test_index" class="Welcome_test" file="/var/www/html/LippoX-server/application/tests/controllers/Welcome_test.php" line="13" assertions="1" time="0.087329"/>
      <testcase name="test_method_404" class="Welcome_test" file="/var/www/html/LippoX-server/application/tests/controllers/Welcome_test.php" line="19" assertions="1" time="0.109599"/>
      <testcase name="test_APPPATH" class="Welcome_test" file="/var/www/html/LippoX-server/application/tests/controllers/Welcome_test.php" line="25" assertions="1" time="0.039111"/>
    </testsuite>
  </testsuite>
</testsuites>
